<?xml version="1.0" encoding="UTF-8"?>
<testng-results ignored="0" total="2" passed="2" failed="0" skipped="0">
  <reporter-output>
  </reporter-output>
  <suite started-at="2024-03-11T17:45:54 IST" name="DemoQASuite" finished-at="2024-03-11T17:46:24 IST" duration-ms="29594">
    <groups>
    </groups>
    <test started-at="2024-03-11T17:45:54 IST" name="DemoQATest" finished-at="2024-03-11T17:46:24 IST" duration-ms="29594">
      <class name="TestCases.TC02_TextBoxTest">
        <test-method is-config="true" signature="setUp()[pri:0, instance:TestCases.TC02_TextBoxTest@758c83d8]" started-at="2024-03-11T17:45:40 IST" name="setUp" description="calling url" finished-at="2024-03-11T17:45:54 IST" duration-ms="14433" status="PASS">
          <reporter-output>
          </reporter-output>
        </test-method> <!-- setUp -->
        <test-method signature="testBox()[pri:0, instance:TestCases.TC02_TextBoxTest@758c83d8]" started-at="2024-03-11T17:46:00 IST" name="testBox" finished-at="2024-03-11T17:46:24 IST" depends-on-methods="Elements()" duration-ms="24080" status="PASS">
          <reporter-output>
          </reporter-output>
        </test-method> <!-- testBox -->
        <test-method is-config="true" signature="tearDown()[pri:0, instance:TestCases.TC02_TextBoxTest@758c83d8]" started-at="2024-03-11T17:46:24 IST" name="tearDown" description="quiting browser" finished-at="2024-03-11T17:46:29 IST" duration-ms="5333" status="PASS">
          <reporter-output>
          </reporter-output>
        </test-method> <!-- tearDown -->
      </class> <!-- TestCases.TC02_TextBoxTest -->
      <class name="TestCases.TC01_DemoQAHomePageTest">
        <test-method signature="Elements()[pri:1, instance:TestCases.TC01_DemoQAHomePageTest@24b6b8f6]" started-at="2024-03-11T17:45:54 IST" name="Elements" finished-at="2024-03-11T17:46:00 IST" duration-ms="5358" status="PASS">
          <reporter-output>
          </reporter-output>
        </test-method> <!-- Elements -->
      </class> <!-- TestCases.TC01_DemoQAHomePageTest -->
    </test> <!-- DemoQATest -->
  </suite> <!-- DemoQASuite -->
</testng-results>
