<?xml version="1.0" encoding="UTF-8"?>
<testng-results ignored="0" total="2" passed="2" failed="0" skipped="0">
  <reporter-output>
  </reporter-output>
  <suite started-at="2024-03-10T14:34:02 IST" name="DemoQASuite" finished-at="2024-03-10T14:34:30 IST" duration-ms="28503">
    <groups>
    </groups>
    <test started-at="2024-03-10T14:34:02 IST" name="DemoQATest" finished-at="2024-03-10T14:34:30 IST" duration-ms="28503">
      <class name="TestCases.TC02_TextBoxTest">
        <test-method is-config="true" signature="setUp()[pri:0, instance:TestCases.TC02_TextBoxTest@2ca47471]" started-at="2024-03-10T14:33:52 IST" name="setUp" description="calling url" finished-at="2024-03-10T14:34:02 IST" duration-ms="9763" status="PASS">
          <reporter-output>
          </reporter-output>
        </test-method> <!-- setUp -->
        <test-method signature="testBox()[pri:0, instance:TestCases.TC02_TextBoxTest@2ca47471]" started-at="2024-03-10T14:34:07 IST" name="testBox" finished-at="2024-03-10T14:34:30 IST" depends-on-methods="Elements()" duration-ms="23097" status="PASS">
          <reporter-output>
          </reporter-output>
        </test-method> <!-- testBox -->
        <test-method is-config="true" signature="tearDown()[pri:0, instance:TestCases.TC02_TextBoxTest@2ca47471]" started-at="2024-03-10T14:34:30 IST" name="tearDown" description="quiting browser" finished-at="2024-03-10T14:34:35 IST" duration-ms="5186" status="PASS">
          <reporter-output>
          </reporter-output>
        </test-method> <!-- tearDown -->
      </class> <!-- TestCases.TC02_TextBoxTest -->
      <class name="TestCases.TC01_DemoQAHomePageTest">
        <test-method signature="Elements()[pri:1, instance:TestCases.TC01_DemoQAHomePageTest@2f3c6ac4]" started-at="2024-03-10T14:34:02 IST" name="Elements" finished-at="2024-03-10T14:34:07 IST" duration-ms="5258" status="PASS">
          <reporter-output>
          </reporter-output>
        </test-method> <!-- Elements -->
      </class> <!-- TestCases.TC01_DemoQAHomePageTest -->
    </test> <!-- DemoQATest -->
  </suite> <!-- DemoQASuite -->
</testng-results>
