<?xml version="1.0" encoding="UTF-8"?>
<!-- Generated by org.testng.reporters.JUnitXMLReporter -->
<testsuite ignored="4" hostname="Gopi" failures="0" tests="2" name="DemoQATest" time="28.503" errors="0" timestamp="2024-03-10T14:34:30 IST">
  <testcase classname="TestCases.TC01_DemoQAHomePageTest" name="Elements" time="5.258"/>
  <testcase classname="TestCases.TC02_TextBoxTest" name="testBox" time="23.097"/>
  <testcase classname="TestCases.BaseClassDemoQA" name="@BeforeSuite setUp" time="0.0">
    <ignored/>
  </testcase> <!-- @BeforeSuite setUp -->
  <testcase classname="TestCases.BaseClassDemoQA" name="@AfterSuite tearDown" time="0.0">
    <ignored/>
  </testcase> <!-- @AfterSuite tearDown -->
  <testcase classname="TestCases.BaseClassDemoQA" name="@BeforeSuite setUp" time="0.0">
    <ignored/>
  </testcase> <!-- @BeforeSuite setUp -->
  <testcase classname="TestCases.BaseClassDemoQA" name="@AfterSuite tearDown" time="0.0">
    <ignored/>
  </testcase> <!-- @AfterSuite tearDown -->
</testsuite> <!-- DemoQATest -->
