<?xml version="1.0" encoding="UTF-8"?>
<!-- Generated by org.testng.reporters.JUnitXMLReporter -->
<testsuite ignored="4" hostname="Gopi" failures="0" tests="2" name="DemoQATest" time="29.594" errors="0" timestamp="2024-03-11T17:46:24 IST">
  <testcase classname="TestCases.TC01_DemoQAHomePageTest" name="Elements" time="5.358"/>
  <testcase classname="TestCases.TC02_TextBoxTest" name="testBox" time="24.08"/>
  <testcase classname="TestCases.BaseClassDemoQA" name="@AfterSuite tearDown" time="0.0">
    <ignored/>
  </testcase> <!-- @AfterSuite tearDown -->
  <testcase classname="TestCases.BaseClassDemoQA" name="@BeforeSuite setUp" time="0.0">
    <ignored/>
  </testcase> <!-- @BeforeSuite setUp -->
  <testcase classname="TestCases.BaseClassDemoQA" name="@BeforeSuite setUp" time="0.0">
    <ignored/>
  </testcase> <!-- @BeforeSuite setUp -->
  <testcase classname="TestCases.BaseClassDemoQA" name="@AfterSuite tearDown" time="0.0">
    <ignored/>
  </testcase> <!-- @AfterSuite tearDown -->
</testsuite> <!-- DemoQATest -->
